<?xml version="1.0" encoding="UTF-8"?>
<testsuite name="square.Alice" tests="1" skipped="0" failures="0" errors="0" timestamp="2020-11-25T12:00:40" hostname="C02Y3096JG5J" time="0.012">
  <properties/>
  <testcase name="aliceTests" classname="square.Alice" time="0.012"/>
  <system-out><![CDATA[]]></system-out>
  <system-err><![CDATA[]]></system-err>
</testsuite>
